android-sdk/build/intermediates/manifest_merge_blame_file/debug/processDebugManifest/manifest-merger-blame-debug-report.txt
1<?xml version="1.0" encoding="utf-8"?>
2<manifest xmlns:android="http://schemas.android.com/apk/res/android"
3    package="com.argyads" >
4
5    <uses-sdk android:minSdkVersion="24" />
6    <!-- Required so the device can access the internet. -->
7    <uses-permission android:name="android.permission.ACCESS_NETWORK_STATE" />
7-->src\main\AndroidManifest.xml:4:5-79
7-->src\main\AndroidManifest.xml:4:22-76
8    <uses-permission android:name="android.permission.ACCESS_WIFI_STATE" />
8-->src\main\AndroidManifest.xml:5:5-76
8-->src\main\AndroidManifest.xml:5:22-73
9    <uses-permission android:name="android.permission.INTERNET" />
9-->src\main\AndroidManifest.xml:6:5-67
9-->src\main\AndroidManifest.xml:6:22-64
10
11    <!-- AdManager Permissions -->
12    <uses-permission android:name="com.google.android.gms.permission.AD_ID" />
12-->src\main\AndroidManifest.xml:9:5-79
12-->src\main\AndroidManifest.xml:9:22-76
13
14    <application
14-->src\main\AndroidManifest.xml:11:5-14:19
15        android:allowBackup="true"
15-->src\main\AndroidManifest.xml:12:9-35
16        android:supportsRtl="true" >
16-->src\main\AndroidManifest.xml:13:9-35
17    </application>
18
19</manifest>